-- The C compiler identification is GNU 11.4.0
-- The CXX compiler identification is GNU 11.4.0
-- Detecting C compiler ABI info
-- Detecting C compiler ABI info - done
-- Check for working C compiler: /usr/bin/cc - skipped
-- Detecting C compile features
-- Detecting C compile features - done
-- Detecting CXX compiler ABI info
-- Detecting CXX compiler ABI info - done
-- Check for working CXX compiler: /usr/bin/c++ - skipped
-- Detecting CXX compile features
-- Detecting CXX compile features - done
-- Found ament_cmake: 1.3.11 (/opt/ros/humble/share/ament_cmake/cmake)
-- Found Python3: /usr/bin/python3 (found version "3.10.12") found components: Interpreter 
-- Found ament_index_cpp: 1.4.0 (/opt/ros/humble/share/ament_index_cpp/cmake)
-- Found SFML 2.5.1 in /usr/lib/x86_64-linux-gnu/cmake/SFML
-- Found rclpy: 3.3.16 (/opt/ros/humble/share/rclpy/cmake)
-- Looking for pthread.h
-- Looking for pthread.h - found
-- Performing Test CMAKE_HAVE_LIBC_PTHREAD
-- Performing Test CMAKE_HAVE_LIBC_PTHREAD - Success
-- Found Threads: TRUE  
-- Found rclcpp: 16.0.12 (/opt/ros/humble/share/rclcpp/cmake)
-- Found rosidl_generator_c: 3.1.6 (/opt/ros/humble/share/rosidl_generator_c/cmake)
-- Found rosidl_adapter: 3.1.6 (/opt/ros/humble/share/rosidl_adapter/cmake)
-- Found rosidl_generator_cpp: 3.1.6 (/opt/ros/humble/share/rosidl_generator_cpp/cmake)
-- Using all available rosidl_typesupport_c: rosidl_typesupport_fastrtps_c;rosidl_typesupport_introspection_c
-- Using all available rosidl_typesupport_cpp: rosidl_typesupport_fastrtps_cpp;rosidl_typesupport_introspection_cpp
-- Found rmw_implementation_cmake: 6.1.2 (/opt/ros/humble/share/rmw_implementation_cmake/cmake)
-- Found rmw_fastrtps_cpp: 6.2.7 (/opt/ros/humble/share/rmw_fastrtps_cpp/cmake)
-- Found OpenSSL: /usr/lib/x86_64-linux-gnu/libcrypto.so (found version "3.0.2")  
-- Found FastRTPS: /opt/ros/humble/include  
-- Using RMW implementation 'rmw_fastrtps_cpp' as default
-- Found std_srvs: 4.8.0 (/opt/ros/humble/share/std_srvs/cmake)
-- Configuring done
-- Generating done
-- Build files have been written to: /home/cameron/ros2_ws/src/RaspberryPi-RS2/RS2/build/chess_pi
[ 50%] [32mBuilding CXX object CMakeFiles/chess_node.dir/src/chessboard.cpp.o[0m
[ 50%] Built target ament_cmake_python_copy_chess_pi
running egg_info
creating chess_pi.egg-info
writing chess_pi.egg-info/PKG-INFO
writing dependency_links to chess_pi.egg-info/dependency_links.txt
writing top-level names to chess_pi.egg-info/top_level.txt
writing manifest file 'chess_pi.egg-info/SOURCES.txt'
reading manifest file 'chess_pi.egg-info/SOURCES.txt'
writing manifest file 'chess_pi.egg-info/SOURCES.txt'
[ 50%] Built target ament_cmake_python_build_chess_pi_egg
[01m[K/home/cameron/ros2_ws/src/RaspberryPi-RS2/RS2/ros2_rs2_packages/chess_pi/src/chessboard.cpp:[m[K In member function â€˜[01m[Kvoid ChessSubscriber::moveCallback(std_msgs::msg::String_<std::allocator<void> >::SharedPtr)[m[Kâ€™:
[01m[K/home/cameron/ros2_ws/src/RaspberryPi-RS2/RS2/ros2_rs2_packages/chess_pi/src/chessboard.cpp:309:33:[m[K [01;31m[Kerror: [m[Kâ€˜[01m[KtrimFenToBoard[m[Kâ€™ was not declared in this scope
  309 |         std::string boardOnly = [01;31m[KtrimFenToBoard[m[K(fullFen);
      |                                 [01;31m[K^~~~~~~~~~~~~~[m[K
[01m[K/home/cameron/ros2_ws/src/RaspberryPi-RS2/RS2/ros2_rs2_packages/chess_pi/src/chessboard.cpp:315:9:[m[K [01;31m[Kerror: [m[Kâ€˜[01m[KlastMove_[m[Kâ€™ was not declared in this scope; did you mean â€˜[01m[KlastMove[m[Kâ€™?
  315 |         [01;31m[KlastMove_[m[K = boardOnly;
      |         [01;31m[K^~~~~~~~~[m[K
      |         [32m[KlastMove[m[K
gmake[2]: *** [CMakeFiles/chess_node.dir/build.make:76: CMakeFiles/chess_node.dir/src/chessboard.cpp.o] Error 1
gmake[1]: *** [CMakeFiles/Makefile2:140: CMakeFiles/chess_node.dir/all] Error 2
gmake: *** [Makefile:146: all] Error 2
