<?xml version="1.0" encoding="UTF-8"?>
<Site BuildName="(empty)"
	BuildStamp="20250219-2240-Experimental"
	Name="charles-ThinkPad-P14s-Gen-4"
	Generator="ctest-3.22.1"
	CompilerName="/usr/bin/c++"
	CompilerVersion="11.4.0"
	OSName="Linux"
	Hostname="charles-ThinkPad-P14s-Gen-4"
	OSRelease="6.8.0-51-generic"
	OSVersion="#52~22.04.1-Ubuntu SMP PREEMPT_DYNAMIC Mon Dec  9 15:00:52 UTC 2"
	OSPlatform="x86_64"
	Is64Bits="1"
	VendorString="AuthenticAMD"
	VendorID="Advanced Micro Devices"
	FamilyID="25"
	ModelID="116"
	ProcessorCacheSize="1024"
	NumberOfLogicalCPU="12"
	NumberOfPhysicalCPU="6"
	TotalVirtualMemory="2047"
	TotalPhysicalMemory="11652"
	LogicalProcessorsPerPhysical="2"
	ProcessorClockFrequency="4691.36"
	>
	<Testing>
		<StartDateTime>Feb 20 10:21 AEDT</StartDateTime>
		<StartTestTime>1740007266</StartTestTime>
		<TestList/>
		<EndDateTime>Feb 20 10:21 AEDT</EndDateTime>
		<EndTestTime>1740007266</EndTestTime>
		<ElapsedMinutes>0</ElapsedMinutes>
	</Testing>
</Site>
